DEBUG main org.apache.ibatis.logging.LogFactory - Logging initialized using 'class org.apache.ibatis.logging.log4j.Log4jImpl' adapter.
DEBUG main org.apache.ibatis.datasource.pooled.PooledDataSource - PooledDataSource forcefully closed/removed all connections.
DEBUG main org.apache.ibatis.datasource.pooled.PooledDataSource - PooledDataSource forcefully closed/removed all connections.
DEBUG main org.apache.ibatis.datasource.pooled.PooledDataSource - PooledDataSource forcefully closed/removed all connections.
DEBUG main org.apache.ibatis.datasource.pooled.PooledDataSource - PooledDataSource forcefully closed/removed all connections.
DEBUG main org.apache.ibatis.logging.LogFactory - Logging initialized using 'class org.apache.ibatis.logging.log4j.Log4jImpl' adapter.
DEBUG main org.apache.ibatis.datasource.pooled.PooledDataSource - PooledDataSource forcefully closed/removed all connections.
DEBUG main org.apache.ibatis.datasource.pooled.PooledDataSource - PooledDataSource forcefully closed/removed all connections.
DEBUG main org.apache.ibatis.datasource.pooled.PooledDataSource - PooledDataSource forcefully closed/removed all connections.
DEBUG main org.apache.ibatis.datasource.pooled.PooledDataSource - PooledDataSource forcefully closed/removed all connections.
DEBUG main org.apache.ibatis.logging.LogFactory - Logging initialized using 'class org.apache.ibatis.logging.log4j.Log4jImpl' adapter.
DEBUG main org.apache.ibatis.datasource.pooled.PooledDataSource - PooledDataSource forcefully closed/removed all connections.
DEBUG main org.apache.ibatis.datasource.pooled.PooledDataSource - PooledDataSource forcefully closed/removed all connections.
DEBUG main org.apache.ibatis.datasource.pooled.PooledDataSource - PooledDataSource forcefully closed/removed all connections.
DEBUG main org.apache.ibatis.datasource.pooled.PooledDataSource - PooledDataSource forcefully closed/removed all connections.
DEBUG main org.apache.ibatis.logging.LogFactory - Logging initialized using 'class org.apache.ibatis.logging.log4j.Log4jImpl' adapter.
DEBUG main org.apache.ibatis.datasource.pooled.PooledDataSource - PooledDataSource forcefully closed/removed all connections.
DEBUG main org.apache.ibatis.datasource.pooled.PooledDataSource - PooledDataSource forcefully closed/removed all connections.
DEBUG main org.apache.ibatis.datasource.pooled.PooledDataSource - PooledDataSource forcefully closed/removed all connections.
DEBUG main org.apache.ibatis.datasource.pooled.PooledDataSource - PooledDataSource forcefully closed/removed all connections.
DEBUG main org.apache.ibatis.logging.LogFactory - Logging initialized using 'class org.apache.ibatis.logging.log4j.Log4jImpl' adapter.
DEBUG main org.apache.ibatis.datasource.pooled.PooledDataSource - PooledDataSource forcefully closed/removed all connections.
DEBUG main org.apache.ibatis.datasource.pooled.PooledDataSource - PooledDataSource forcefully closed/removed all connections.
DEBUG main org.apache.ibatis.datasource.pooled.PooledDataSource - PooledDataSource forcefully closed/removed all connections.
DEBUG main org.apache.ibatis.datasource.pooled.PooledDataSource - PooledDataSource forcefully closed/removed all connections.
DEBUG main org.apache.ibatis.logging.LogFactory - Logging initialized using 'class org.apache.ibatis.logging.log4j.Log4jImpl' adapter.
DEBUG main org.apache.ibatis.datasource.pooled.PooledDataSource - PooledDataSource forcefully closed/removed all connections.
DEBUG main org.apache.ibatis.datasource.pooled.PooledDataSource - PooledDataSource forcefully closed/removed all connections.
DEBUG main org.apache.ibatis.datasource.pooled.PooledDataSource - PooledDataSource forcefully closed/removed all connections.
DEBUG main org.apache.ibatis.datasource.pooled.PooledDataSource - PooledDataSource forcefully closed/removed all connections.
DEBUG main org.apache.ibatis.logging.LogFactory - Logging initialized using 'class org.apache.ibatis.logging.log4j.Log4jImpl' adapter.
DEBUG main org.apache.ibatis.datasource.pooled.PooledDataSource - PooledDataSource forcefully closed/removed all connections.
DEBUG main org.apache.ibatis.datasource.pooled.PooledDataSource - PooledDataSource forcefully closed/removed all connections.
DEBUG main org.apache.ibatis.datasource.pooled.PooledDataSource - PooledDataSource forcefully closed/removed all connections.
DEBUG main org.apache.ibatis.datasource.pooled.PooledDataSource - PooledDataSource forcefully closed/removed all connections.
DEBUG main org.apache.ibatis.logging.LogFactory - Logging initialized using 'class org.apache.ibatis.logging.log4j.Log4jImpl' adapter.
DEBUG main org.apache.ibatis.datasource.pooled.PooledDataSource - PooledDataSource forcefully closed/removed all connections.
DEBUG main org.apache.ibatis.datasource.pooled.PooledDataSource - PooledDataSource forcefully closed/removed all connections.
DEBUG main org.apache.ibatis.datasource.pooled.PooledDataSource - PooledDataSource forcefully closed/removed all connections.
DEBUG main org.apache.ibatis.datasource.pooled.PooledDataSource - PooledDataSource forcefully closed/removed all connections.
DEBUG main org.apache.ibatis.logging.LogFactory - Logging initialized using 'class org.apache.ibatis.logging.log4j.Log4jImpl' adapter.
DEBUG main org.apache.ibatis.datasource.pooled.PooledDataSource - PooledDataSource forcefully closed/removed all connections.
DEBUG main org.apache.ibatis.datasource.pooled.PooledDataSource - PooledDataSource forcefully closed/removed all connections.
DEBUG main org.apache.ibatis.datasource.pooled.PooledDataSource - PooledDataSource forcefully closed/removed all connections.
DEBUG main org.apache.ibatis.datasource.pooled.PooledDataSource - PooledDataSource forcefully closed/removed all connections.
DEBUG main org.apache.ibatis.logging.LogFactory - Logging initialized using 'class org.apache.ibatis.logging.log4j.Log4jImpl' adapter.
DEBUG main org.apache.ibatis.datasource.pooled.PooledDataSource - PooledDataSource forcefully closed/removed all connections.
DEBUG main org.apache.ibatis.datasource.pooled.PooledDataSource - PooledDataSource forcefully closed/removed all connections.
DEBUG main org.apache.ibatis.datasource.pooled.PooledDataSource - PooledDataSource forcefully closed/removed all connections.
DEBUG main org.apache.ibatis.datasource.pooled.PooledDataSource - PooledDataSource forcefully closed/removed all connections.
DEBUG main org.apache.ibatis.logging.LogFactory - Logging initialized using 'class org.apache.ibatis.logging.log4j.Log4jImpl' adapter.
DEBUG main org.apache.ibatis.datasource.pooled.PooledDataSource - PooledDataSource forcefully closed/removed all connections.
DEBUG main org.apache.ibatis.datasource.pooled.PooledDataSource - PooledDataSource forcefully closed/removed all connections.
DEBUG main org.apache.ibatis.datasource.pooled.PooledDataSource - PooledDataSource forcefully closed/removed all connections.
DEBUG main org.apache.ibatis.datasource.pooled.PooledDataSource - PooledDataSource forcefully closed/removed all connections.
DEBUG main org.apache.ibatis.logging.LogFactory - Logging initialized using 'class org.apache.ibatis.logging.log4j.Log4jImpl' adapter.
DEBUG main org.apache.ibatis.datasource.pooled.PooledDataSource - PooledDataSource forcefully closed/removed all connections.
DEBUG main org.apache.ibatis.datasource.pooled.PooledDataSource - PooledDataSource forcefully closed/removed all connections.
DEBUG main org.apache.ibatis.datasource.pooled.PooledDataSource - PooledDataSource forcefully closed/removed all connections.
DEBUG main org.apache.ibatis.datasource.pooled.PooledDataSource - PooledDataSource forcefully closed/removed all connections.
DEBUG main org.apache.ibatis.logging.LogFactory - Logging initialized using 'class org.apache.ibatis.logging.log4j.Log4jImpl' adapter.
DEBUG main org.apache.ibatis.datasource.pooled.PooledDataSource - PooledDataSource forcefully closed/removed all connections.
DEBUG main org.apache.ibatis.datasource.pooled.PooledDataSource - PooledDataSource forcefully closed/removed all connections.
DEBUG main org.apache.ibatis.datasource.pooled.PooledDataSource - PooledDataSource forcefully closed/removed all connections.
DEBUG main org.apache.ibatis.datasource.pooled.PooledDataSource - PooledDataSource forcefully closed/removed all connections.
DEBUG main org.apache.ibatis.logging.LogFactory - Logging initialized using 'class org.apache.ibatis.logging.log4j.Log4jImpl' adapter.
DEBUG main org.apache.ibatis.datasource.pooled.PooledDataSource - PooledDataSource forcefully closed/removed all connections.
DEBUG main org.apache.ibatis.datasource.pooled.PooledDataSource - PooledDataSource forcefully closed/removed all connections.
DEBUG main org.apache.ibatis.datasource.pooled.PooledDataSource - PooledDataSource forcefully closed/removed all connections.
DEBUG main org.apache.ibatis.datasource.pooled.PooledDataSource - PooledDataSource forcefully closed/removed all connections.
DEBUG main org.apache.ibatis.transaction.jdbc.JdbcTransaction - Opening JDBC Connection
DEBUG main org.apache.ibatis.datasource.pooled.PooledDataSource - Created connection 211090736.
DEBUG main com.dao.UserDao.findAll - ==>  Preparing: select * from user 
DEBUG main com.dao.UserDao.findAll - ==> Parameters: 
DEBUG main com.dao.UserDao.findAll - <==      Total: 6
DEBUG main org.apache.ibatis.logging.LogFactory - Logging initialized using 'class org.apache.ibatis.logging.log4j.Log4jImpl' adapter.
DEBUG main org.apache.ibatis.datasource.pooled.PooledDataSource - PooledDataSource forcefully closed/removed all connections.
DEBUG main org.apache.ibatis.datasource.pooled.PooledDataSource - PooledDataSource forcefully closed/removed all connections.
DEBUG main org.apache.ibatis.datasource.pooled.PooledDataSource - PooledDataSource forcefully closed/removed all connections.
DEBUG main org.apache.ibatis.datasource.pooled.PooledDataSource - PooledDataSource forcefully closed/removed all connections.
DEBUG main org.apache.ibatis.transaction.jdbc.JdbcTransaction - Opening JDBC Connection
DEBUG main org.apache.ibatis.datasource.pooled.PooledDataSource - Created connection 2131597042.
DEBUG main com.dao.UserDao.findById - ==>  Preparing: select * from user where id = ? 
DEBUG main com.dao.UserDao.findById - ==> Parameters: 50(Integer)
DEBUG main com.dao.UserDao.findById - <==      Total: 0
DEBUG main org.apache.ibatis.transaction.jdbc.JdbcTransaction - Closing JDBC Connection [com.mysql.cj.jdbc.ConnectionImpl@7f0d96f2]
DEBUG main org.apache.ibatis.datasource.pooled.PooledDataSource - Returned connection 2131597042 to pool.
DEBUG main org.apache.ibatis.logging.LogFactory - Logging initialized using 'class org.apache.ibatis.logging.log4j.Log4jImpl' adapter.
DEBUG main org.apache.ibatis.datasource.pooled.PooledDataSource - PooledDataSource forcefully closed/removed all connections.
DEBUG main org.apache.ibatis.datasource.pooled.PooledDataSource - PooledDataSource forcefully closed/removed all connections.
DEBUG main org.apache.ibatis.datasource.pooled.PooledDataSource - PooledDataSource forcefully closed/removed all connections.
DEBUG main org.apache.ibatis.datasource.pooled.PooledDataSource - PooledDataSource forcefully closed/removed all connections.
DEBUG main org.apache.ibatis.transaction.jdbc.JdbcTransaction - Opening JDBC Connection
DEBUG main org.apache.ibatis.datasource.pooled.PooledDataSource - Created connection 2131597042.
DEBUG main com.dao.UserDao.findByName - ==>  Preparing: select * from user where username like ? 
DEBUG main com.dao.UserDao.findByName - ==> Parameters: %凌%(String)
DEBUG main com.dao.UserDao.findByName - <==      Total: 1
DEBUG main org.apache.ibatis.transaction.jdbc.JdbcTransaction - Closing JDBC Connection [com.mysql.cj.jdbc.ConnectionImpl@7f0d96f2]
DEBUG main org.apache.ibatis.datasource.pooled.PooledDataSource - Returned connection 2131597042 to pool.
DEBUG main org.apache.ibatis.logging.LogFactory - Logging initialized using 'class org.apache.ibatis.logging.log4j.Log4jImpl' adapter.
DEBUG main org.apache.ibatis.datasource.pooled.PooledDataSource - PooledDataSource forcefully closed/removed all connections.
DEBUG main org.apache.ibatis.datasource.pooled.PooledDataSource - PooledDataSource forcefully closed/removed all connections.
DEBUG main org.apache.ibatis.datasource.pooled.PooledDataSource - PooledDataSource forcefully closed/removed all connections.
DEBUG main org.apache.ibatis.datasource.pooled.PooledDataSource - PooledDataSource forcefully closed/removed all connections.
DEBUG main org.apache.ibatis.transaction.jdbc.JdbcTransaction - Opening JDBC Connection
DEBUG main org.apache.ibatis.datasource.pooled.PooledDataSource - Created connection 2131597042.
DEBUG main com.dao.UserDao.findUserByVo - ==>  Preparing: select * from user where username like ? 
DEBUG main com.dao.UserDao.findUserByVo - ==> Parameters: %李%(String)
DEBUG main com.dao.UserDao.findUserByVo - <==      Total: 1
DEBUG main org.apache.ibatis.transaction.jdbc.JdbcTransaction - Closing JDBC Connection [com.mysql.cj.jdbc.ConnectionImpl@7f0d96f2]
DEBUG main org.apache.ibatis.datasource.pooled.PooledDataSource - Returned connection 2131597042 to pool.
DEBUG main org.apache.ibatis.logging.LogFactory - Logging initialized using 'class org.apache.ibatis.logging.log4j.Log4jImpl' adapter.
DEBUG main org.apache.ibatis.datasource.pooled.PooledDataSource - PooledDataSource forcefully closed/removed all connections.
DEBUG main org.apache.ibatis.datasource.pooled.PooledDataSource - PooledDataSource forcefully closed/removed all connections.
DEBUG main org.apache.ibatis.datasource.pooled.PooledDataSource - PooledDataSource forcefully closed/removed all connections.
DEBUG main org.apache.ibatis.datasource.pooled.PooledDataSource - PooledDataSource forcefully closed/removed all connections.
DEBUG main org.apache.ibatis.transaction.jdbc.JdbcTransaction - Opening JDBC Connection
DEBUG main org.apache.ibatis.datasource.pooled.PooledDataSource - Created connection 851912430.
DEBUG main com.dao.UserDao.findAll - ==>  Preparing: select * from user 
DEBUG main com.dao.UserDao.findAll - ==> Parameters: 
DEBUG main com.dao.UserDao.findAll - <==      Total: 6
DEBUG main org.apache.ibatis.transaction.jdbc.JdbcTransaction - Closing JDBC Connection [com.mysql.cj.jdbc.ConnectionImpl@32c726ee]
DEBUG main org.apache.ibatis.datasource.pooled.PooledDataSource - Returned connection 851912430 to pool.
